<?xml version="1.0" encoding="UTF-8"?>
<!-- Generated by org.testng.reporters.JUnitXMLReporter -->
<testsuite ignored="0" hostname="DESKTOP-7K3FSMI" failures="2" tests="5" name="Regression" time="0.091" errors="0" timestamp="2022-08-27T10:23:56 IST">
  <testcase classname="Test.Sample" name="AfterMethod" time="0.003"/>
  <testcase classname="Test.Sample" name="BeforeMethod" time="0.008"/>
  <testcase classname="Test.Sample" name="Test1" time="0.003"/>
  <testcase classname="Test.Sample" name="ABC" time="0.0">
    <failure type="org.testng.TestNGException" message="
Parameter &amp;apos;a&amp;apos; is required by @Test on method ABC but has not been marked @Optional or defined
in G:\java work\SeleniumtestNG\TestNGxml\testng.xml">
      <![CDATA[org.testng.TestNGException: 
Parameter 'a' is required by @Test on method ABC but has not been marked @Optional or defined
in G:\java work\SeleniumtestNG\TestNGxml\testng.xml
at java.base/java.util.ArrayList.forEach(ArrayList.java:1511)
... Removed 26 stack frames]]>
    </failure>
  </testcase> <!-- ABC -->
  <testcase classname="Test.Sample" name="Test2" time="0.0">
    <failure type="org.testng.TestNGException" message="
Parameter &amp;apos;a&amp;apos; is required by @Test on method Test2 but has not been marked @Optional or defined
in G:\java work\SeleniumtestNG\TestNGxml\testng.xml">
      <![CDATA[org.testng.TestNGException: 
Parameter 'a' is required by @Test on method Test2 but has not been marked @Optional or defined
in G:\java work\SeleniumtestNG\TestNGxml\testng.xml
at java.base/java.util.ArrayList.forEach(ArrayList.java:1511)
... Removed 26 stack frames]]>
    </failure>
  </testcase> <!-- Test2 -->
</testsuite> <!-- Regression -->
