<?xml version="1.0" encoding="UTF-8"?>
<!-- Generated by org.testng.reporters.JUnitXMLReporter -->
<testsuite ignored="0" hostname="DESKTOP-7K3FSMI" failures="1" tests="4" name="Test" time="0.57" errors="0" timestamp="2022-08-27T10:05:57 IST">
  <testcase classname="Test.Sample" name="AfterMethod" time="0.098"/>
  <testcase classname="Test.Sample" name="BeforeMethod" time="0.006"/>
  <testcase classname="Test.Sample" name="Test1" time="0.003"/>
  <testcase classname="Test.Sample" name="Test2" time="0.0">
    <failure type="org.testng.TestNGException" message="
Parameter &amp;apos;str&amp;apos; is required by @Test on method Test2 but has not been marked @Optional or defined
in G:\java work\SeleniumtestNG\TestNGxml\testng.xml">
      <![CDATA[org.testng.TestNGException: 
Parameter 'str' is required by @Test on method Test2 but has not been marked @Optional or defined
in G:\java work\SeleniumtestNG\TestNGxml\testng.xml
at java.base/java.util.ArrayList.forEach(ArrayList.java:1511)
... Removed 26 stack frames]]>
    </failure>
  </testcase> <!-- Test2 -->
</testsuite> <!-- Test -->
